 Sun, 18 Aug 2019 13:07:15  INFO basepage.py wait_ele_visiable [ line:37 ] �ڵ�¼ҳ�桪�����û���ҳ��ȴ�('xpath', '// input[@name="phone"]')Ԫ�ؿɼ��ɹ�
 Sun, 18 Aug 2019 13:07:15  INFO basepage.py wait_ele_visiable [ line:37 ] �ڵ�¼ҳ�桪�����û���ҳ��ȴ�('xpath', '// input[@name="phone"]')Ԫ�ؿɼ��ɹ�
 Sun, 18 Aug 2019 13:07:16  INFO basepage.py find_ele [ line:65 ] �ڵ�¼ҳ�桪�����û�������('xpath', '// input[@name="phone"]')Ԫ�سɹ�����ʱΪ0:00:00.628036
 Sun, 18 Aug 2019 13:07:16  INFO basepage.py input_text_ele [ line:94 ] �ڵ�¼ҳ�桪�����û���ҳ��('xpath', '// input[@name="phone"]')Ԫ������18684720553�ɹ�
 Sun, 18 Aug 2019 13:07:17  INFO basepage.py wait_ele_visiable [ line:37 ] �ڵ�¼ҳ�桪��������ҳ��ȴ�('xpath', '//input[@name="password"]')Ԫ�ؿɼ��ɹ�
 Sun, 18 Aug 2019 13:07:17  INFO basepage.py wait_ele_visiable [ line:37 ] �ڵ�¼ҳ�桪��������ҳ��ȴ�('xpath', '//input[@name="password"]')Ԫ�ؿɼ��ɹ�
 Sun, 18 Aug 2019 13:07:17  INFO basepage.py find_ele [ line:65 ] �ڵ�¼ҳ�桪�����������('xpath', '//input[@name="password"]')Ԫ�سɹ�����ʱΪ0:00:00.652037
 Sun, 18 Aug 2019 13:07:18  INFO basepage.py input_text_ele [ line:94 ] �ڵ�¼ҳ�桪��������ҳ��('xpath', '//input[@name="password"]')Ԫ������python�ɹ�
 Sun, 18 Aug 2019 13:07:19  INFO basepage.py wait_ele_visiable [ line:37 ] �ڵ�½ҳ��-�������½����ťҳ��ȴ�('xpath', '//button[@class="btn btn-special"]')Ԫ�ؿɼ��ɹ�
 Sun, 18 Aug 2019 13:07:19  INFO basepage.py wait_ele_visiable [ line:37 ] �ڵ�½ҳ��-�������½����ťҳ��ȴ�('xpath', '//button[@class="btn btn-special"]')Ԫ�ؿɼ��ɹ�
 Sun, 18 Aug 2019 13:07:19  INFO basepage.py find_ele [ line:65 ] �ڵ�½ҳ��-�������½����ť����('xpath', '//button[@class="btn btn-special"]')Ԫ�سɹ�����ʱΪ0:00:00.857049
 Sun, 18 Aug 2019 13:07:20  ERROR basepage.py click_ele [ line:76 ] �ڵ�½ҳ��-�������½����ť���('xpath', '//button[@class="btn btn-special"]')Ԫ��ʧ��
Traceback (most recent call last):
  File "D:\pytest_web_autotest\web_pageobject\basepage.py", line 74, in click_ele
    ele.click()
  File "D:\Python\lib\site-packages\selenium\webdriver\remote\webelement.py", line 80, in click
    self._execute(Command.CLICK_ELEMENT)
  File "D:\Python\lib\site-packages\selenium\webdriver\remote\webelement.py", line 633, in _execute
    return self._parent.execute(command, params)
  File "D:\Python\lib\site-packages\selenium\webdriver\remote\webdriver.py", line 321, in execute
    self.error_handler.check_response(response)
  File "D:\Python\lib\site-packages\selenium\webdriver\remote\errorhandler.py", line 242, in check_response
    raise exception_class(message, screen, stacktrace)
selenium.common.exceptions.JavascriptException: Message: javascript error: circular reference
  (Session info: chrome=76.0.3809.100)

