 Sun, 18 Aug 2019 13:05:43  INFO basepage.py wait_ele_visiable [ line:37 ] 在登录页面—输入用户名页面等待('xpath', '// input[@name="phone"]')元素可见成功
 Sun, 18 Aug 2019 13:05:43  INFO basepage.py wait_ele_visiable [ line:37 ] 在登录页面—输入用户名页面等待('xpath', '// input[@name="phone"]')元素可见成功
 Sun, 18 Aug 2019 13:05:43  INFO basepage.py find_ele [ line:65 ] 在登录页面—输入用户名查找('xpath', '// input[@name="phone"]')元素成功，耗时为0:00:00.662237
 Sun, 18 Aug 2019 13:05:44  INFO basepage.py input_text_ele [ line:94 ] 在登录页面—输入用户名页面('xpath', '// input[@name="phone"]')元素输入18684720553成功
 Sun, 18 Aug 2019 13:05:45  INFO basepage.py wait_ele_visiable [ line:37 ] 在登录页面—输入密码页面等待('xpath', '//input[@name="password"]')元素可见成功
 Sun, 18 Aug 2019 13:05:45  INFO basepage.py wait_ele_visiable [ line:37 ] 在登录页面—输入密码页面等待('xpath', '//input[@name="password"]')元素可见成功
 Sun, 18 Aug 2019 13:05:45  INFO basepage.py find_ele [ line:65 ] 在登录页面—输入密码查找('xpath', '//input[@name="password"]')元素成功，耗时为0:00:00.652835
 Sun, 18 Aug 2019 13:05:46  INFO basepage.py input_text_ele [ line:94 ] 在登录页面—输入密码页面('xpath', '//input[@name="password"]')元素输入python成功
 Sun, 18 Aug 2019 13:05:46  INFO basepage.py wait_ele_visiable [ line:37 ] 在登陆页面-点击【登陆】按钮页面等待('xpath', '//button[@class="btn btn-special"]')元素可见成功
 Sun, 18 Aug 2019 13:05:47  INFO basepage.py wait_ele_visiable [ line:37 ] 在登陆页面-点击【登陆】按钮页面等待('xpath', '//button[@class="btn btn-special"]')元素可见成功
 Sun, 18 Aug 2019 13:05:47  INFO basepage.py find_ele [ line:65 ] 在登陆页面-点击【登陆】按钮查找('xpath', '//button[@class="btn btn-special"]')元素成功，耗时为0:00:00.571033
 Sun, 18 Aug 2019 13:05:47  ERROR basepage.py click_ele [ line:76 ] 在登陆页面-点击【登陆】按钮点击('xpath', '//button[@class="btn btn-special"]')元素失败
Traceback (most recent call last):
  File "D:\pytest_web_autotest\web_pageobject\basepage.py", line 74, in click_ele
    ele.click()
  File "D:\python\lib\site-packages\selenium\webdriver\remote\webelement.py", line 80, in click
    self._execute(Command.CLICK_ELEMENT)
  File "D:\python\lib\site-packages\selenium\webdriver\remote\webelement.py", line 633, in _execute
    return self._parent.execute(command, params)
  File "D:\python\lib\site-packages\selenium\webdriver\remote\webdriver.py", line 321, in execute
    self.error_handler.check_response(response)
  File "D:\python\lib\site-packages\selenium\webdriver\remote\errorhandler.py", line 242, in check_response
    raise exception_class(message, screen, stacktrace)
selenium.common.exceptions.JavascriptException: Message: javascript error: circular reference
  (Session info: chrome=76.0.3809.100)

