{
  "uid" : "99ea0689276bd6ad",
  "name" : "test_login_nopasswd[data2]",
  "fullName" : "web_autotestcase.test_0_login.TestLogin#test_login_nopasswd[data2]",
  "historyId" : "958c4fcbc6ec8962f5ab420130ff1e10",
  "time" : {
    "start" : 1589607412299,
    "stop" : 1589607412299,
    "duration" : 0
  },
  "status" : "broken",
  "statusMessage" : "selenium.common.exceptions.SessionNotCreatedException: Message: session not created: This version of ChromeDriver only supports Chrome version 78",
  "statusTrace" : "@pytest.fixture   # 声明他之下的函数是一个pytest的前置、后置条件\n    def init_driver():\n        # 定义前置\n>       driver = webdriver.Chrome()\n\nweb_autotestcase\\conftest.py:25: \n_ _ _ _ _ _ _ _ _ _ _ _ _ _ _ _ _ _ _ _ _ _ _ _ _ _ _ _ _ _ _ _ _ _ _ _ _ _ _ _\nD:\\Python\\lib\\site-packages\\selenium\\webdriver\\chrome\\webdriver.py:81: in __init__\n    desired_capabilities=desired_capabilities)\nD:\\Python\\lib\\site-packages\\selenium\\webdriver\\remote\\webdriver.py:157: in __init__\n    self.start_session(capabilities, browser_profile)\nD:\\Python\\lib\\site-packages\\selenium\\webdriver\\remote\\webdriver.py:252: in start_session\n    response = self.execute(Command.NEW_SESSION, parameters)\nD:\\Python\\lib\\site-packages\\selenium\\webdriver\\remote\\webdriver.py:321: in execute\n    self.error_handler.check_response(response)\n_ _ _ _ _ _ _ _ _ _ _ _ _ _ _ _ _ _ _ _ _ _ _ _ _ _ _ _ _ _ _ _ _ _ _ _ _ _ _ _\n\nself = <selenium.webdriver.remote.errorhandler.ErrorHandler object at 0x0000000003392160>\nresponse = {'status': 500, 'value': '{\"value\":{\"error\":\"session not created\",\"message\":\"session not created: This version of Chro...x767A344D+18]\\\\n\\\\tRtlInitializeExceptionChain [0x77159802+99]\\\\n\\\\tRtlInitializeExceptionChain [0x771597D5+54]\\\\n\"}}'}\n\n    def check_response(self, response):\n        \"\"\"\n        Checks that a JSON response from the WebDriver does not have an error.\n    \n        :Args:\n         - response - The JSON response from the WebDriver server as a dictionary\n           object.\n    \n        :Raises: If the response contains an error message.\n        \"\"\"\n        status = response.get('status', None)\n        if status is None or status == ErrorCode.SUCCESS:\n            return\n        value = None\n        message = response.get(\"message\", \"\")\n        screen = response.get(\"screen\", \"\")\n        stacktrace = None\n        if isinstance(status, int):\n            value_json = response.get('value', None)\n            if value_json and isinstance(value_json, basestring):\n                import json\n                try:\n                    value = json.loads(value_json)\n                    if len(value.keys()) == 1:\n                        value = value['value']\n                    status = value.get('error', None)\n                    if status is None:\n                        status = value[\"status\"]\n                        message = value[\"value\"]\n                        if not isinstance(message, basestring):\n                            value = message\n                            message = message.get('message')\n                    else:\n                        message = value.get('message', None)\n                except ValueError:\n                    pass\n    \n        exception_class = ErrorInResponseException\n        if status in ErrorCode.NO_SUCH_ELEMENT:\n            exception_class = NoSuchElementException\n        elif status in ErrorCode.NO_SUCH_FRAME:\n            exception_class = NoSuchFrameException\n        elif status in ErrorCode.NO_SUCH_WINDOW:\n            exception_class = NoSuchWindowException\n        elif status in ErrorCode.STALE_ELEMENT_REFERENCE:\n            exception_class = StaleElementReferenceException\n        elif status in ErrorCode.ELEMENT_NOT_VISIBLE:\n            exception_class = ElementNotVisibleException\n        elif status in ErrorCode.INVALID_ELEMENT_STATE:\n            exception_class = InvalidElementStateException\n        elif status in ErrorCode.INVALID_SELECTOR \\\n                or status in ErrorCode.INVALID_XPATH_SELECTOR \\\n                or status in ErrorCode.INVALID_XPATH_SELECTOR_RETURN_TYPER:\n            exception_class = InvalidSelectorException\n        elif status in ErrorCode.ELEMENT_IS_NOT_SELECTABLE:\n            exception_class = ElementNotSelectableException\n        elif status in ErrorCode.ELEMENT_NOT_INTERACTABLE:\n            exception_class = ElementNotInteractableException\n        elif status in ErrorCode.INVALID_COOKIE_DOMAIN:\n            exception_class = InvalidCookieDomainException\n        elif status in ErrorCode.UNABLE_TO_SET_COOKIE:\n            exception_class = UnableToSetCookieException\n        elif status in ErrorCode.TIMEOUT:\n            exception_class = TimeoutException\n        elif status in ErrorCode.SCRIPT_TIMEOUT:\n            exception_class = TimeoutException\n        elif status in ErrorCode.UNKNOWN_ERROR:\n            exception_class = WebDriverException\n        elif status in ErrorCode.UNEXPECTED_ALERT_OPEN:\n            exception_class = UnexpectedAlertPresentException\n        elif status in ErrorCode.NO_ALERT_OPEN:\n            exception_class = NoAlertPresentException\n        elif status in ErrorCode.IME_NOT_AVAILABLE:\n            exception_class = ImeNotAvailableException\n        elif status in ErrorCode.IME_ENGINE_ACTIVATION_FAILED:\n            exception_class = ImeActivationFailedException\n        elif status in ErrorCode.MOVE_TARGET_OUT_OF_BOUNDS:\n            exception_class = MoveTargetOutOfBoundsException\n        elif status in ErrorCode.JAVASCRIPT_ERROR:\n            exception_class = JavascriptException\n        elif status in ErrorCode.SESSION_NOT_CREATED:\n            exception_class = SessionNotCreatedException\n        elif status in ErrorCode.INVALID_ARGUMENT:\n            exception_class = InvalidArgumentException\n        elif status in ErrorCode.NO_SUCH_COOKIE:\n            exception_class = NoSuchCookieException\n        elif status in ErrorCode.UNABLE_TO_CAPTURE_SCREEN:\n            exception_class = ScreenshotException\n        elif status in ErrorCode.ELEMENT_CLICK_INTERCEPTED:\n            exception_class = ElementClickInterceptedException\n        elif status in ErrorCode.INSECURE_CERTIFICATE:\n            exception_class = InsecureCertificateException\n        elif status in ErrorCode.INVALID_COORDINATES:\n            exception_class = InvalidCoordinatesException\n        elif status in ErrorCode.INVALID_SESSION_ID:\n            exception_class = InvalidSessionIdException\n        elif status in ErrorCode.UNKNOWN_METHOD:\n            exception_class = UnknownMethodException\n        else:\n            exception_class = WebDriverException\n        if value == '' or value is None:\n            value = response['value']\n        if isinstance(value, basestring):\n            if exception_class == ErrorInResponseException:\n                raise exception_class(response, value)\n            raise exception_class(value)\n        if message == \"\" and 'message' in value:\n            message = value['message']\n    \n        screen = None\n        if 'screen' in value:\n            screen = value['screen']\n    \n        stacktrace = None\n        if 'stackTrace' in value and value['stackTrace']:\n            stacktrace = []\n            try:\n                for frame in value['stackTrace']:\n                    line = self._value_or_default(frame, 'lineNumber', '')\n                    file = self._value_or_default(frame, 'fileName', '<anonymous>')\n                    if line:\n                        file = \"%s:%s\" % (file, line)\n                    meth = self._value_or_default(frame, 'methodName', '<anonymous>')\n                    if 'className' in frame:\n                        meth = \"%s.%s\" % (frame['className'], meth)\n                    msg = \"    at %s (%s)\"\n                    msg = msg % (meth, file)\n                    stacktrace.append(msg)\n            except TypeError:\n                pass\n        if exception_class == ErrorInResponseException:\n            raise exception_class(response, message)\n        elif exception_class == UnexpectedAlertPresentException:\n            alert_text = None\n            if 'data' in value:\n                alert_text = value['data'].get('text')\n            elif 'alert' in value:\n                alert_text = value['alert'].get('text')\n            raise exception_class(message, screen, stacktrace, alert_text)\n>       raise exception_class(message, screen, stacktrace)\nE       selenium.common.exceptions.SessionNotCreatedException: Message: session not created: This version of ChromeDriver only supports Chrome version 78\n\nD:\\Python\\lib\\site-packages\\selenium\\webdriver\\remote\\errorhandler.py:242: SessionNotCreatedException",
  "flaky" : false,
  "newFailed" : false,
  "beforeStages" : [ {
    "name" : "init_driver",
    "time" : {
      "start" : 1589607412301,
      "stop" : 1589607417194,
      "duration" : 4893
    },
    "status" : "broken",
    "statusMessage" : "selenium.common.exceptions.SessionNotCreatedException: Message: session not created: This version of ChromeDriver only supports Chrome version 78\n\n",
    "statusTrace" : "  File \"D:\\Python\\lib\\site-packages\\pluggy\\callers.py\", line 187, in _multicall\n    res = hook_impl.function(*args)\n  File \"D:\\Python\\lib\\site-packages\\_pytest\\fixtures.py\", line 923, in pytest_fixture_setup\n    result = call_fixture_func(fixturefunc, request, kwargs)\n  File \"D:\\Python\\lib\\site-packages\\_pytest\\fixtures.py\", line 779, in call_fixture_func\n    res = next(it)\n  File \"D:\\pytest_web_autotest\\web_autotestcase\\conftest.py\", line 25, in init_driver\n    driver = webdriver.Chrome()\n  File \"D:\\Python\\lib\\site-packages\\selenium\\webdriver\\chrome\\webdriver.py\", line 81, in __init__\n    desired_capabilities=desired_capabilities)\n  File \"D:\\Python\\lib\\site-packages\\selenium\\webdriver\\remote\\webdriver.py\", line 157, in __init__\n    self.start_session(capabilities, browser_profile)\n  File \"D:\\Python\\lib\\site-packages\\selenium\\webdriver\\remote\\webdriver.py\", line 252, in start_session\n    response = self.execute(Command.NEW_SESSION, parameters)\n  File \"D:\\Python\\lib\\site-packages\\selenium\\webdriver\\remote\\webdriver.py\", line 321, in execute\n    self.error_handler.check_response(response)\n  File \"D:\\Python\\lib\\site-packages\\selenium\\webdriver\\remote\\errorhandler.py\", line 242, in check_response\n    raise exception_class(message, screen, stacktrace)\n",
    "steps" : [ ],
    "attachments" : [ ],
    "parameters" : [ ],
    "shouldDisplayMessage" : true,
    "attachmentsCount" : 0,
    "stepsCount" : 0,
    "hasContent" : true
  } ],
  "afterStages" : [ ],
  "labels" : [ {
    "name" : "parentSuite",
    "value" : "web_autotestcase"
  }, {
    "name" : "suite",
    "value" : "test_0_login"
  }, {
    "name" : "subSuite",
    "value" : "TestLogin"
  }, {
    "name" : "host",
    "value" : "ZD-20151030HOQR"
  }, {
    "name" : "thread",
    "value" : "12196-MainThread"
  }, {
    "name" : "framework",
    "value" : "pytest"
  }, {
    "name" : "language",
    "value" : "cpython3"
  }, {
    "name" : "package",
    "value" : "web_autotestcase.test_0_login"
  }, {
    "name" : "resultFormat",
    "value" : "allure2"
  } ],
  "parameters" : [ {
    "name" : "data",
    "value" : "{'username': '186847205', 'passwd': 'python', 'check': '请输入正确的手机号'}"
  } ],
  "links" : [ ],
  "hidden" : false,
  "retry" : false,
  "extra" : {
    "severity" : "normal",
    "retries" : [ {
      "uid" : "4defc628c766e1a8",
      "status" : "broken",
      "statusDetails" : "selenium.common.exceptions.SessionNotCreatedException: Message: session not created: This version of ChromeDriver only supports Chrome version 78",
      "time" : {
        "start" : 1588944603405,
        "stop" : 1588944603405,
        "duration" : 0
      }
    }, {
      "uid" : "3d1129445aac14ac",
      "status" : "passed",
      "time" : {
        "start" : 1566119917231,
        "stop" : 1566119923722,
        "duration" : 6491
      }
    }, {
      "uid" : "6298012fbe5d622",
      "status" : "passed",
      "time" : {
        "start" : 1566115242390,
        "stop" : 1566115248836,
        "duration" : 6446
      }
    }, {
      "uid" : "c48ec04e3ebd5295",
      "status" : "passed",
      "time" : {
        "start" : 1566114986196,
        "stop" : 1566114991794,
        "duration" : 5598
      }
    }, {
      "uid" : "e3d562c2b9daa813",
      "status" : "passed",
      "time" : {
        "start" : 1566106464641,
        "stop" : 1566106470152,
        "duration" : 5511
      }
    }, {
      "uid" : "d8f2bb808821a168",
      "status" : "passed",
      "time" : {
        "start" : 1566106119739,
        "stop" : 1566106129998,
        "duration" : 10259
      }
    }, {
      "uid" : "2a43347c62e4d128",
      "status" : "broken",
      "statusDetails" : "selenium.common.exceptions.WebDriverException: Message: 'chromedriver' executable may have wrong permissions. Please see https://sites.google.com/a/chromium.org/chromedriver/home",
      "time" : {
        "start" : 1566045207301,
        "stop" : 1566045207301,
        "duration" : 0
      }
    }, {
      "uid" : "d1eca62b5a6b97cc",
      "status" : "broken",
      "statusDetails" : "selenium.common.exceptions.WebDriverException: Message: 'chromedriver' executable may have wrong permissions. Please see https://sites.google.com/a/chromium.org/chromedriver/home",
      "time" : {
        "start" : 1566045064188,
        "stop" : 1566045064188,
        "duration" : 0
      }
    }, {
      "uid" : "d216ed15fe1e35b1",
      "status" : "broken",
      "statusDetails" : "selenium.common.exceptions.WebDriverException: Message: unknown error: cannot find Chrome binary\n  (Driver info: chromedriver=70.0.3538.97 (d035916fe243477005bc95fe2a5778b8f20b6ae1),platform=Windows NT 6.1.7601 SP1 x86_64)",
      "time" : {
        "start" : 1566044003335,
        "stop" : 1566044003335,
        "duration" : 0
      }
    }, {
      "uid" : "2ba18f22327d75c5",
      "status" : "broken",
      "statusDetails" : "selenium.common.exceptions.WebDriverException: Message: unknown error: cannot find Chrome binary\n  (Driver info: chromedriver=70.0.3538.97 (d035916fe243477005bc95fe2a5778b8f20b6ae1),platform=Windows NT 6.1.7601 SP1 x86_64)",
      "time" : {
        "start" : 1566036325804,
        "stop" : 1566036325804,
        "duration" : 0
      }
    }, {
      "uid" : "67ca422910bc55dd",
      "status" : "passed",
      "time" : {
        "start" : 1566035693414,
        "stop" : 1566035694666,
        "duration" : 1252
      }
    }, {
      "uid" : "b7b5120285f755d3",
      "status" : "broken",
      "statusDetails" : "selenium.common.exceptions.WebDriverException: Message: unknown error: cannot find Chrome binary\n  (Driver info: chromedriver=70.0.3538.97 (d035916fe243477005bc95fe2a5778b8f20b6ae1),platform=Windows NT 6.1.7601 SP1 x86_64)",
      "time" : {
        "start" : 1566035370841,
        "stop" : 1566035370841,
        "duration" : 0
      }
    }, {
      "uid" : "d3ad40479b6138db",
      "status" : "broken",
      "statusDetails" : "selenium.common.exceptions.WebDriverException: Message: unknown error: cannot find Chrome binary\n  (Driver info: chromedriver=70.0.3538.97 (d035916fe243477005bc95fe2a5778b8f20b6ae1),platform=Windows NT 6.1.7601 SP1 x86_64)",
      "time" : {
        "start" : 1566035035466,
        "stop" : 1566035035466,
        "duration" : 0
      }
    }, {
      "uid" : "577a5b27538ac435",
      "status" : "broken",
      "statusDetails" : "selenium.common.exceptions.WebDriverException: Message: unknown error: cannot find Chrome binary\n  (Driver info: chromedriver=70.0.3538.97 (d035916fe243477005bc95fe2a5778b8f20b6ae1),platform=Windows NT 6.1.7601 SP1 x86_64)",
      "time" : {
        "start" : 1566034988829,
        "stop" : 1566034988829,
        "duration" : 0
      }
    }, {
      "uid" : "b2b3d2f46823b01d",
      "status" : "passed",
      "time" : {
        "start" : 1566031590685,
        "stop" : 1566031591707,
        "duration" : 1022
      }
    } ],
    "categories" : [ {
      "name" : "Test defects",
      "matchedStatuses" : [ ],
      "flaky" : false
    } ],
    "history" : {
      "statistic" : {
        "failed" : 0,
        "broken" : 13,
        "skipped" : 0,
        "passed" : 7,
        "unknown" : 0,
        "total" : 20
      },
      "items" : [ {
        "uid" : "cc7804ab61b54a22",
        "reportUrl" : "http://172.25.40.46:8080/job/web_autotest/27/allure/#testresult/cc7804ab61b54a22",
        "status" : "broken",
        "statusDetails" : "selenium.common.exceptions.SessionNotCreatedException: Message: session not created: This version of ChromeDriver only supports Chrome version 78",
        "time" : {
          "start" : 1588944603405,
          "stop" : 1588944603405,
          "duration" : 0
        }
      }, {
        "uid" : "90edd50c5a3aa7a5",
        "reportUrl" : "http://172.25.40.46:8080/job/web_autotest/26/allure/#testresult/90edd50c5a3aa7a5",
        "status" : "passed",
        "time" : {
          "start" : 1566119917231,
          "stop" : 1566119923722,
          "duration" : 6491
        }
      }, {
        "uid" : "357e14064ca9431e",
        "reportUrl" : "http://172.25.40.46:8080/job/web_autotest/25/allure/#testresult/357e14064ca9431e",
        "status" : "passed",
        "time" : {
          "start" : 1566115242390,
          "stop" : 1566115248836,
          "duration" : 6446
        }
      }, {
        "uid" : "556b38e6d5a218a2",
        "reportUrl" : "http://172.25.40.46:8080/job/web_autotest/24/allure/#testresult/556b38e6d5a218a2",
        "status" : "passed",
        "time" : {
          "start" : 1566114986196,
          "stop" : 1566114991794,
          "duration" : 5598
        }
      }, {
        "uid" : "782342538d17bf92",
        "reportUrl" : "http://172.25.40.46:8080/job/web_autotest/23/allure/#testresult/782342538d17bf92",
        "status" : "passed",
        "time" : {
          "start" : 1566106464641,
          "stop" : 1566106470152,
          "duration" : 5511
        }
      } ]
    },
    "tags" : [ ]
  },
  "source" : "99ea0689276bd6ad.json",
  "parameterValues" : [ "{'username': '186847205', 'passwd': 'python', 'check': '请输入正确的手机号'}" ]
}