{
  "uid" : "ccfd48ec1b6c8555",
  "name" : "test_login_wrongpawwsd[data1]",
  "fullName" : "web_autotestcase.test_0_login.TestLogin#test_login_wrongpawwsd[data1]",
  "historyId" : "9ef2e0b450001c07eeee5b13f8558f16",
  "time" : {
    "start" : 1589607422802,
    "stop" : 1589607422802,
    "duration" : 0
  },
  "status" : "broken",
  "statusMessage" : "selenium.common.exceptions.SessionNotCreatedException: Message: session not created: This version of ChromeDriver only supports Chrome version 78",
  "statusTrace" : "@pytest.fixture   # 声明他之下的函数是一个pytest的前置、后置条件\n    def init_driver():\n        # 定义前置\n>       driver = webdriver.Chrome()\n\nweb_autotestcase\\conftest.py:25: \n_ _ _ _ _ _ _ _ _ _ _ _ _ _ _ _ _ _ _ _ _ _ _ _ _ _ _ _ _ _ _ _ _ _ _ _ _ _ _ _\nD:\\Python\\lib\\site-packages\\selenium\\webdriver\\chrome\\webdriver.py:81: in __init__\n    desired_capabilities=desired_capabilities)\nD:\\Python\\lib\\site-packages\\selenium\\webdriver\\remote\\webdriver.py:157: in __init__\n    self.start_session(capabilities, browser_profile)\nD:\\Python\\lib\\site-packages\\selenium\\webdriver\\remote\\webdriver.py:252: in start_session\n    response = self.execute(Command.NEW_SESSION, parameters)\nD:\\Python\\lib\\site-packages\\selenium\\webdriver\\remote\\webdriver.py:321: in execute\n    self.error_handler.check_response(response)\n_ _ _ _ _ _ _ _ _ _ _ _ _ _ _ _ _ _ _ _ _ _ _ _ _ _ _ _ _ _ _ _ _ _ _ _ _ _ _ _\n\nself = <selenium.webdriver.remote.errorhandler.ErrorHandler object at 0x00000000037BB240>\nresponse = {'status': 500, 'value': '{\"value\":{\"error\":\"session not created\",\"message\":\"session not created: This version of Chro...x767A344D+18]\\\\n\\\\tRtlInitializeExceptionChain [0x77159802+99]\\\\n\\\\tRtlInitializeExceptionChain [0x771597D5+54]\\\\n\"}}'}\n\n    def check_response(self, response):\n        \"\"\"\n        Checks that a JSON response from the WebDriver does not have an error.\n    \n        :Args:\n         - response - The JSON response from the WebDriver server as a dictionary\n           object.\n    \n        :Raises: If the response contains an error message.\n        \"\"\"\n        status = response.get('status', None)\n        if status is None or status == ErrorCode.SUCCESS:\n            return\n        value = None\n        message = response.get(\"message\", \"\")\n        screen = response.get(\"screen\", \"\")\n        stacktrace = None\n        if isinstance(status, int):\n            value_json = response.get('value', None)\n            if value_json and isinstance(value_json, basestring):\n                import json\n                try:\n                    value = json.loads(value_json)\n                    if len(value.keys()) == 1:\n                        value = value['value']\n                    status = value.get('error', None)\n                    if status is None:\n                        status = value[\"status\"]\n                        message = value[\"value\"]\n                        if not isinstance(message, basestring):\n                            value = message\n                            message = message.get('message')\n                    else:\n                        message = value.get('message', None)\n                except ValueError:\n                    pass\n    \n        exception_class = ErrorInResponseException\n        if status in ErrorCode.NO_SUCH_ELEMENT:\n            exception_class = NoSuchElementException\n        elif status in ErrorCode.NO_SUCH_FRAME:\n            exception_class = NoSuchFrameException\n        elif status in ErrorCode.NO_SUCH_WINDOW:\n            exception_class = NoSuchWindowException\n        elif status in ErrorCode.STALE_ELEMENT_REFERENCE:\n            exception_class = StaleElementReferenceException\n        elif status in ErrorCode.ELEMENT_NOT_VISIBLE:\n            exception_class = ElementNotVisibleException\n        elif status in ErrorCode.INVALID_ELEMENT_STATE:\n            exception_class = InvalidElementStateException\n        elif status in ErrorCode.INVALID_SELECTOR \\\n                or status in ErrorCode.INVALID_XPATH_SELECTOR \\\n                or status in ErrorCode.INVALID_XPATH_SELECTOR_RETURN_TYPER:\n            exception_class = InvalidSelectorException\n        elif status in ErrorCode.ELEMENT_IS_NOT_SELECTABLE:\n            exception_class = ElementNotSelectableException\n        elif status in ErrorCode.ELEMENT_NOT_INTERACTABLE:\n            exception_class = ElementNotInteractableException\n        elif status in ErrorCode.INVALID_COOKIE_DOMAIN:\n            exception_class = InvalidCookieDomainException\n        elif status in ErrorCode.UNABLE_TO_SET_COOKIE:\n            exception_class = UnableToSetCookieException\n        elif status in ErrorCode.TIMEOUT:\n            exception_class = TimeoutException\n        elif status in ErrorCode.SCRIPT_TIMEOUT:\n            exception_class = TimeoutException\n        elif status in ErrorCode.UNKNOWN_ERROR:\n            exception_class = WebDriverException\n        elif status in ErrorCode.UNEXPECTED_ALERT_OPEN:\n            exception_class = UnexpectedAlertPresentException\n        elif status in ErrorCode.NO_ALERT_OPEN:\n            exception_class = NoAlertPresentException\n        elif status in ErrorCode.IME_NOT_AVAILABLE:\n            exception_class = ImeNotAvailableException\n        elif status in ErrorCode.IME_ENGINE_ACTIVATION_FAILED:\n            exception_class = ImeActivationFailedException\n        elif status in ErrorCode.MOVE_TARGET_OUT_OF_BOUNDS:\n            exception_class = MoveTargetOutOfBoundsException\n        elif status in ErrorCode.JAVASCRIPT_ERROR:\n            exception_class = JavascriptException\n        elif status in ErrorCode.SESSION_NOT_CREATED:\n            exception_class = SessionNotCreatedException\n        elif status in ErrorCode.INVALID_ARGUMENT:\n            exception_class = InvalidArgumentException\n        elif status in ErrorCode.NO_SUCH_COOKIE:\n            exception_class = NoSuchCookieException\n        elif status in ErrorCode.UNABLE_TO_CAPTURE_SCREEN:\n            exception_class = ScreenshotException\n        elif status in ErrorCode.ELEMENT_CLICK_INTERCEPTED:\n            exception_class = ElementClickInterceptedException\n        elif status in ErrorCode.INSECURE_CERTIFICATE:\n            exception_class = InsecureCertificateException\n        elif status in ErrorCode.INVALID_COORDINATES:\n            exception_class = InvalidCoordinatesException\n        elif status in ErrorCode.INVALID_SESSION_ID:\n            exception_class = InvalidSessionIdException\n        elif status in ErrorCode.UNKNOWN_METHOD:\n            exception_class = UnknownMethodException\n        else:\n            exception_class = WebDriverException\n        if value == '' or value is None:\n            value = response['value']\n        if isinstance(value, basestring):\n            if exception_class == ErrorInResponseException:\n                raise exception_class(response, value)\n            raise exception_class(value)\n        if message == \"\" and 'message' in value:\n            message = value['message']\n    \n        screen = None\n        if 'screen' in value:\n            screen = value['screen']\n    \n        stacktrace = None\n        if 'stackTrace' in value and value['stackTrace']:\n            stacktrace = []\n            try:\n                for frame in value['stackTrace']:\n                    line = self._value_or_default(frame, 'lineNumber', '')\n                    file = self._value_or_default(frame, 'fileName', '<anonymous>')\n                    if line:\n                        file = \"%s:%s\" % (file, line)\n                    meth = self._value_or_default(frame, 'methodName', '<anonymous>')\n                    if 'className' in frame:\n                        meth = \"%s.%s\" % (frame['className'], meth)\n                    msg = \"    at %s (%s)\"\n                    msg = msg % (meth, file)\n                    stacktrace.append(msg)\n            except TypeError:\n                pass\n        if exception_class == ErrorInResponseException:\n            raise exception_class(response, message)\n        elif exception_class == UnexpectedAlertPresentException:\n            alert_text = None\n            if 'data' in value:\n                alert_text = value['data'].get('text')\n            elif 'alert' in value:\n                alert_text = value['alert'].get('text')\n            raise exception_class(message, screen, stacktrace, alert_text)\n>       raise exception_class(message, screen, stacktrace)\nE       selenium.common.exceptions.SessionNotCreatedException: Message: session not created: This version of ChromeDriver only supports Chrome version 78\n\nD:\\Python\\lib\\site-packages\\selenium\\webdriver\\remote\\errorhandler.py:242: SessionNotCreatedException",
  "flaky" : false,
  "newFailed" : false,
  "beforeStages" : [ {
    "name" : "init_driver",
    "time" : {
      "start" : 1589607422804,
      "stop" : 1589607428125,
      "duration" : 5321
    },
    "status" : "broken",
    "statusMessage" : "selenium.common.exceptions.SessionNotCreatedException: Message: session not created: This version of ChromeDriver only supports Chrome version 78\n\n",
    "statusTrace" : "  File \"D:\\Python\\lib\\site-packages\\pluggy\\callers.py\", line 187, in _multicall\n    res = hook_impl.function(*args)\n  File \"D:\\Python\\lib\\site-packages\\_pytest\\fixtures.py\", line 923, in pytest_fixture_setup\n    result = call_fixture_func(fixturefunc, request, kwargs)\n  File \"D:\\Python\\lib\\site-packages\\_pytest\\fixtures.py\", line 779, in call_fixture_func\n    res = next(it)\n  File \"D:\\pytest_web_autotest\\web_autotestcase\\conftest.py\", line 25, in init_driver\n    driver = webdriver.Chrome()\n  File \"D:\\Python\\lib\\site-packages\\selenium\\webdriver\\chrome\\webdriver.py\", line 81, in __init__\n    desired_capabilities=desired_capabilities)\n  File \"D:\\Python\\lib\\site-packages\\selenium\\webdriver\\remote\\webdriver.py\", line 157, in __init__\n    self.start_session(capabilities, browser_profile)\n  File \"D:\\Python\\lib\\site-packages\\selenium\\webdriver\\remote\\webdriver.py\", line 252, in start_session\n    response = self.execute(Command.NEW_SESSION, parameters)\n  File \"D:\\Python\\lib\\site-packages\\selenium\\webdriver\\remote\\webdriver.py\", line 321, in execute\n    self.error_handler.check_response(response)\n  File \"D:\\Python\\lib\\site-packages\\selenium\\webdriver\\remote\\errorhandler.py\", line 242, in check_response\n    raise exception_class(message, screen, stacktrace)\n",
    "steps" : [ ],
    "attachments" : [ ],
    "parameters" : [ ],
    "shouldDisplayMessage" : true,
    "attachmentsCount" : 0,
    "stepsCount" : 0,
    "hasContent" : true
  } ],
  "afterStages" : [ ],
  "labels" : [ {
    "name" : "parentSuite",
    "value" : "web_autotestcase"
  }, {
    "name" : "suite",
    "value" : "test_0_login"
  }, {
    "name" : "subSuite",
    "value" : "TestLogin"
  }, {
    "name" : "host",
    "value" : "ZD-20151030HOQR"
  }, {
    "name" : "thread",
    "value" : "12196-MainThread"
  }, {
    "name" : "framework",
    "value" : "pytest"
  }, {
    "name" : "language",
    "value" : "cpython3"
  }, {
    "name" : "package",
    "value" : "web_autotestcase.test_0_login"
  }, {
    "name" : "resultFormat",
    "value" : "allure2"
  } ],
  "parameters" : [ {
    "name" : "data",
    "value" : "{'username': '18684720558', 'passwd': 'python', 'check': '此账号没有经过授权，请联系管理员!'}"
  } ],
  "links" : [ ],
  "hidden" : false,
  "retry" : false,
  "extra" : {
    "severity" : "normal",
    "retries" : [ {
      "uid" : "c564da5ca6e0226",
      "status" : "broken",
      "statusDetails" : "selenium.common.exceptions.SessionNotCreatedException: Message: session not created: This version of ChromeDriver only supports Chrome version 78",
      "time" : {
        "start" : 1588944612230,
        "stop" : 1588944612230,
        "duration" : 0
      }
    }, {
      "uid" : "f69ff1bb83e1e4fc",
      "status" : "passed",
      "time" : {
        "start" : 1566119948857,
        "stop" : 1566119955737,
        "duration" : 6880
      }
    }, {
      "uid" : "d831ccdfb43eda67",
      "status" : "passed",
      "time" : {
        "start" : 1566115270890,
        "stop" : 1566115277245,
        "duration" : 6355
      }
    }, {
      "uid" : "62b65b4120d8b49d",
      "status" : "passed",
      "time" : {
        "start" : 1566115014722,
        "stop" : 1566115020610,
        "duration" : 5888
      }
    }, {
      "uid" : "b36268be0db0a75d",
      "status" : "passed",
      "time" : {
        "start" : 1566106493802,
        "stop" : 1566106499210,
        "duration" : 5408
      }
    }, {
      "uid" : "39852ef537735459",
      "status" : "passed",
      "time" : {
        "start" : 1566106152935,
        "stop" : 1566106158469,
        "duration" : 5534
      }
    }, {
      "uid" : "93fd8176c7d37c50",
      "status" : "broken",
      "statusDetails" : "selenium.common.exceptions.WebDriverException: Message: 'chromedriver' executable may have wrong permissions. Please see https://sites.google.com/a/chromium.org/chromedriver/home",
      "time" : {
        "start" : 1566045208705,
        "stop" : 1566045208705,
        "duration" : 0
      }
    }, {
      "uid" : "99df1cb2efff3a9",
      "status" : "broken",
      "statusDetails" : "selenium.common.exceptions.WebDriverException: Message: 'chromedriver' executable may have wrong permissions. Please see https://sites.google.com/a/chromium.org/chromedriver/home",
      "time" : {
        "start" : 1566045065643,
        "stop" : 1566045065643,
        "duration" : 0
      }
    }, {
      "uid" : "836d8409794306d2",
      "status" : "broken",
      "statusDetails" : "selenium.common.exceptions.WebDriverException: Message: unknown error: cannot find Chrome binary\n  (Driver info: chromedriver=70.0.3538.97 (d035916fe243477005bc95fe2a5778b8f20b6ae1),platform=Windows NT 6.1.7601 SP1 x86_64)",
      "time" : {
        "start" : 1566044010862,
        "stop" : 1566044010862,
        "duration" : 0
      }
    }, {
      "uid" : "66f3b02b76a8d5ed",
      "status" : "broken",
      "statusDetails" : "selenium.common.exceptions.WebDriverException: Message: unknown error: cannot find Chrome binary\n  (Driver info: chromedriver=70.0.3538.97 (d035916fe243477005bc95fe2a5778b8f20b6ae1),platform=Windows NT 6.1.7601 SP1 x86_64)",
      "time" : {
        "start" : 1566036333435,
        "stop" : 1566036333435,
        "duration" : 0
      }
    }, {
      "uid" : "3c50253c87aec1ec",
      "status" : "passed",
      "time" : {
        "start" : 1566035755104,
        "stop" : 1566035756627,
        "duration" : 1523
      }
    }, {
      "uid" : "eab6396ceeea7efe",
      "status" : "broken",
      "statusDetails" : "selenium.common.exceptions.WebDriverException: Message: unknown error: cannot find Chrome binary\n  (Driver info: chromedriver=70.0.3538.97 (d035916fe243477005bc95fe2a5778b8f20b6ae1),platform=Windows NT 6.1.7601 SP1 x86_64)",
      "time" : {
        "start" : 1566035380480,
        "stop" : 1566035380480,
        "duration" : 0
      }
    }, {
      "uid" : "2a5e01ddf32c6128",
      "status" : "broken",
      "statusDetails" : "selenium.common.exceptions.WebDriverException: Message: unknown error: cannot find Chrome binary\n  (Driver info: chromedriver=70.0.3538.97 (d035916fe243477005bc95fe2a5778b8f20b6ae1),platform=Windows NT 6.1.7601 SP1 x86_64)",
      "time" : {
        "start" : 1566035043004,
        "stop" : 1566035043004,
        "duration" : 0
      }
    }, {
      "uid" : "c16e32769bb4d41a",
      "status" : "broken",
      "statusDetails" : "selenium.common.exceptions.WebDriverException: Message: unknown error: cannot find Chrome binary\n  (Driver info: chromedriver=70.0.3538.97 (d035916fe243477005bc95fe2a5778b8f20b6ae1),platform=Windows NT 6.1.7601 SP1 x86_64)",
      "time" : {
        "start" : 1566034996482,
        "stop" : 1566034996482,
        "duration" : 0
      }
    }, {
      "uid" : "1c3117a6522554ac",
      "status" : "passed",
      "time" : {
        "start" : 1566031636694,
        "stop" : 1566031638496,
        "duration" : 1802
      }
    } ],
    "categories" : [ {
      "name" : "Test defects",
      "matchedStatuses" : [ ],
      "flaky" : false
    } ],
    "history" : {
      "statistic" : {
        "failed" : 0,
        "broken" : 13,
        "skipped" : 0,
        "passed" : 7,
        "unknown" : 0,
        "total" : 20
      },
      "items" : [ {
        "uid" : "19c1bd4554021449",
        "reportUrl" : "http://172.25.40.46:8080/job/web_autotest/27/allure/#testresult/19c1bd4554021449",
        "status" : "broken",
        "statusDetails" : "selenium.common.exceptions.SessionNotCreatedException: Message: session not created: This version of ChromeDriver only supports Chrome version 78",
        "time" : {
          "start" : 1588944612230,
          "stop" : 1588944612230,
          "duration" : 0
        }
      }, {
        "uid" : "cb003a4e9992dc9d",
        "reportUrl" : "http://172.25.40.46:8080/job/web_autotest/26/allure/#testresult/cb003a4e9992dc9d",
        "status" : "passed",
        "time" : {
          "start" : 1566119948857,
          "stop" : 1566119955737,
          "duration" : 6880
        }
      }, {
        "uid" : "48f1cec19518a9f8",
        "reportUrl" : "http://172.25.40.46:8080/job/web_autotest/25/allure/#testresult/48f1cec19518a9f8",
        "status" : "passed",
        "time" : {
          "start" : 1566115270890,
          "stop" : 1566115277245,
          "duration" : 6355
        }
      }, {
        "uid" : "82e76daa13f1894d",
        "reportUrl" : "http://172.25.40.46:8080/job/web_autotest/24/allure/#testresult/82e76daa13f1894d",
        "status" : "passed",
        "time" : {
          "start" : 1566115014722,
          "stop" : 1566115020610,
          "duration" : 5888
        }
      }, {
        "uid" : "2be0cacd2440850d",
        "reportUrl" : "http://172.25.40.46:8080/job/web_autotest/23/allure/#testresult/2be0cacd2440850d",
        "status" : "passed",
        "time" : {
          "start" : 1566106493802,
          "stop" : 1566106499210,
          "duration" : 5408
        }
      } ]
    },
    "tags" : [ ]
  },
  "source" : "ccfd48ec1b6c8555.json",
  "parameterValues" : [ "{'username': '18684720558', 'passwd': 'python', 'check': '此账号没有经过授权，请联系管理员!'}" ]
}